2022-07-08 17:10:37 - Starting SpringDemoApp2 using Java 17.0.3 on INLEN8520044974 with PID 23164 (C:\Users\Atalache\Documents\workspace-spring-tool-suite-4-4.15.1.RELEASE\SpringDemoApp2\target\classes started by atalache in C:\Users\Atalache\Documents\workspace-spring-tool-suite-4-4.15.1.RELEASE\SpringDemoApp2)
2022-07-08 17:10:37 - No active profile set, falling back to default profiles: default
2022-07-08 17:10:37 - Devtools property defaults active! Set 'spring.devtools.add-properties' to 'false' to disable
2022-07-08 17:10:37 - For additional web related logging consider setting the 'logging.level.web' property to 'DEBUG'
2022-07-08 17:10:38 - Bootstrapping Spring Data JPA repositories in DEFAULT mode.
2022-07-08 17:10:38 - Finished Spring Data repository scanning in 68 ms. Found 8 JPA repository interfaces.
2022-07-08 17:10:38 - Tomcat initialized with port(s): 8811 (http)
2022-07-08 17:10:38 - Starting service [Tomcat]
2022-07-08 17:10:38 - Starting Servlet engine: [Apache Tomcat/9.0.48]
2022-07-08 17:10:38 - Initializing Spring embedded WebApplicationContext
2022-07-08 17:10:38 - Root WebApplicationContext: initialization completed in 1488 ms
2022-07-08 17:10:39 - HHH000204: Processing PersistenceUnitInfo [name: default]
2022-07-08 17:10:39 - HHH000412: Hibernate ORM core version 5.4.32.Final
2022-07-08 17:10:39 - HCANN000001: Hibernate Commons Annotations {5.1.2.Final}
2022-07-08 17:10:39 - HikariPool-1 - Starting...
2022-07-08 17:10:39 - HikariPool-1 - Start completed.
2022-07-08 17:10:39 - HHH000400: Using dialect: org.hibernate.dialect.PostgreSQLDialect
2022-07-08 17:10:41 - HHH000490: Using JtaPlatform implementation: [org.hibernate.engine.transaction.jta.platform.internal.NoJtaPlatform]
2022-07-08 17:10:41 - Initialized JPA EntityManagerFactory for persistence unit 'default'
2022-07-08 17:10:42 - spring.jpa.open-in-view is enabled by default. Therefore, database queries may be performed during view rendering. Explicitly configure spring.jpa.open-in-view to disable this warning
2022-07-08 17:10:42 - Mapped URL path [/v2/api-docs] onto method [springfox.documentation.swagger2.web.Swagger2Controller#getDocumentation(String, HttpServletRequest)]
2022-07-08 17:10:42 - LiveReload server is running on port 35729
2022-07-08 17:10:42 - Tomcat started on port(s): 8811 (http) with context path ''
2022-07-08 17:10:42 - Context refreshed
2022-07-08 17:10:42 - Found 1 custom documentation plugin(s)
2022-07-08 17:10:42 - Scanning for api listing references
2022-07-08 17:10:42 - Started SpringDemoApp2 in 5.788 seconds (JVM running for 6.566)
2022-07-08 17:10:47 - Initializing Spring DispatcherServlet 'dispatcherServlet'
2022-07-08 17:10:47 - Initializing Servlet 'dispatcherServlet'
2022-07-08 17:10:47 - Completed initialization in 3 ms
2022-07-08 17:15:29 - Resolved [com.capgemini.sprint.exception.UniversityCreationException: University Id is already Available]
2022-07-08 17:19:04 - University is added 
2022-07-08 17:26:01 - University is updated 
2022-07-08 17:26:58 - University is updated 
2022-07-08 17:27:21 - Resolved [com.capgemini.sprint.exception.InvalidUniversityException: University Id is not available]
2022-07-08 17:27:36 - Resolved [com.capgemini.sprint.exception.InvalidUniversityException: University Id is not available]
2022-07-08 17:27:48 - University is updated 
2022-07-08 17:28:06 - viewAllUniversvityDetails
2022-07-08 17:42:15 - Starting SpringDemoApp2ApplicationTests using Java 17.0.3 on INLEN8520044974 with PID 8688 (started by atalache in C:\Users\Atalache\Documents\workspace-spring-tool-suite-4-4.15.1.RELEASE\SpringDemoApp2)
2022-07-08 17:42:15 - No active profile set, falling back to default profiles: default
2022-07-08 17:42:16 - Bootstrapping Spring Data JPA repositories in DEFAULT mode.
2022-07-08 17:42:16 - Finished Spring Data repository scanning in 101 ms. Found 8 JPA repository interfaces.
2022-07-08 17:42:16 - HHH000204: Processing PersistenceUnitInfo [name: default]
2022-07-08 17:42:16 - HHH000412: Hibernate ORM core version 5.4.32.Final
2022-07-08 17:42:16 - HCANN000001: Hibernate Commons Annotations {5.1.2.Final}
2022-07-08 17:42:17 - HikariPool-1 - Starting...
2022-07-08 17:42:17 - HikariPool-1 - Start completed.
2022-07-08 17:42:17 - HHH000400: Using dialect: org.hibernate.dialect.PostgreSQLDialect
2022-07-08 17:42:18 - HHH000490: Using JtaPlatform implementation: [org.hibernate.engine.transaction.jta.platform.internal.NoJtaPlatform]
2022-07-08 17:42:18 - Initialized JPA EntityManagerFactory for persistence unit 'default'
2022-07-08 17:42:19 - spring.jpa.open-in-view is enabled by default. Therefore, database queries may be performed during view rendering. Explicitly configure spring.jpa.open-in-view to disable this warning
2022-07-08 17:42:19 - Mapped URL path [/v2/api-docs] onto method [springfox.documentation.swagger2.web.Swagger2Controller#getDocumentation(String, HttpServletRequest)]
2022-07-08 17:42:20 - Context refreshed
2022-07-08 17:42:20 - Found 1 custom documentation plugin(s)
2022-07-08 17:42:20 - Scanning for api listing references
2022-07-08 17:42:20 - Started SpringDemoApp2ApplicationTests in 6.035 seconds (JVM running for 7.205)
2022-07-08 17:42:21 - Closing JPA EntityManagerFactory for persistence unit 'default'
2022-07-08 17:42:21 - HikariPool-1 - Shutdown initiated...
2022-07-08 17:42:21 - HikariPool-1 - Shutdown completed.
2022-07-08 17:42:25 - Application shutdown requested.
2022-07-08 17:42:25 - Closing JPA EntityManagerFactory for persistence unit 'default'
2022-07-08 17:42:25 - HikariPool-1 - Shutdown initiated...
2022-07-08 17:42:25 - HikariPool-1 - Shutdown completed.
2022-07-08 17:42:36 - Starting SpringDemoApp2ApplicationTests using Java 17.0.3 on INLEN8520044974 with PID 17692 (started by atalache in C:\Users\Atalache\Documents\workspace-spring-tool-suite-4-4.15.1.RELEASE\SpringDemoApp2)
2022-07-08 17:42:36 - No active profile set, falling back to default profiles: default
2022-07-08 17:42:37 - Bootstrapping Spring Data JPA repositories in DEFAULT mode.
2022-07-08 17:42:37 - Finished Spring Data repository scanning in 85 ms. Found 8 JPA repository interfaces.
2022-07-08 17:42:37 - HHH000204: Processing PersistenceUnitInfo [name: default]
2022-07-08 17:42:37 - HHH000412: Hibernate ORM core version 5.4.32.Final
2022-07-08 17:42:37 - HCANN000001: Hibernate Commons Annotations {5.1.2.Final}
2022-07-08 17:42:38 - HikariPool-1 - Starting...
2022-07-08 17:42:38 - HikariPool-1 - Start completed.
2022-07-08 17:42:38 - HHH000400: Using dialect: org.hibernate.dialect.PostgreSQLDialect
2022-07-08 17:42:39 - HHH000490: Using JtaPlatform implementation: [org.hibernate.engine.transaction.jta.platform.internal.NoJtaPlatform]
2022-07-08 17:42:39 - Initialized JPA EntityManagerFactory for persistence unit 'default'
2022-07-08 17:42:40 - spring.jpa.open-in-view is enabled by default. Therefore, database queries may be performed during view rendering. Explicitly configure spring.jpa.open-in-view to disable this warning
2022-07-08 17:42:40 - Mapped URL path [/v2/api-docs] onto method [springfox.documentation.swagger2.web.Swagger2Controller#getDocumentation(String, HttpServletRequest)]
2022-07-08 17:42:41 - Context refreshed
2022-07-08 17:42:41 - Found 1 custom documentation plugin(s)
2022-07-08 17:42:41 - Scanning for api listing references
2022-07-08 17:42:41 - Started SpringDemoApp2ApplicationTests in 6.074 seconds (JVM running for 7.017)
2022-07-08 17:42:42 - Closing JPA EntityManagerFactory for persistence unit 'default'
2022-07-08 17:42:42 - HikariPool-1 - Shutdown initiated...
2022-07-08 17:42:42 - HikariPool-1 - Shutdown completed.
2022-07-08 17:43:41 - Starting SpringDemoApp2ApplicationTests using Java 17.0.3 on INLEN8520044974 with PID 6112 (started by atalache in C:\Users\Atalache\Documents\workspace-spring-tool-suite-4-4.15.1.RELEASE\SpringDemoApp2)
2022-07-08 17:43:41 - No active profile set, falling back to default profiles: default
2022-07-08 17:43:42 - Bootstrapping Spring Data JPA repositories in DEFAULT mode.
2022-07-08 17:43:42 - Finished Spring Data repository scanning in 78 ms. Found 8 JPA repository interfaces.
2022-07-08 17:43:42 - HHH000204: Processing PersistenceUnitInfo [name: default]
2022-07-08 17:43:42 - HHH000412: Hibernate ORM core version 5.4.32.Final
2022-07-08 17:43:42 - HCANN000001: Hibernate Commons Annotations {5.1.2.Final}
2022-07-08 17:43:43 - HikariPool-1 - Starting...
2022-07-08 17:43:43 - HikariPool-1 - Start completed.
2022-07-08 17:43:43 - HHH000400: Using dialect: org.hibernate.dialect.PostgreSQLDialect
2022-07-08 17:43:44 - HHH000490: Using JtaPlatform implementation: [org.hibernate.engine.transaction.jta.platform.internal.NoJtaPlatform]
2022-07-08 17:43:44 - Initialized JPA EntityManagerFactory for persistence unit 'default'
2022-07-08 17:43:45 - spring.jpa.open-in-view is enabled by default. Therefore, database queries may be performed during view rendering. Explicitly configure spring.jpa.open-in-view to disable this warning
2022-07-08 17:43:45 - Mapped URL path [/v2/api-docs] onto method [springfox.documentation.swagger2.web.Swagger2Controller#getDocumentation(String, HttpServletRequest)]
2022-07-08 17:43:46 - Context refreshed
2022-07-08 17:43:46 - Found 1 custom documentation plugin(s)
2022-07-08 17:43:46 - Scanning for api listing references
2022-07-08 17:43:46 - Started SpringDemoApp2ApplicationTests in 6.037 seconds (JVM running for 7.021)
2022-07-08 17:43:47 - Closing JPA EntityManagerFactory for persistence unit 'default'
2022-07-08 17:43:47 - HikariPool-1 - Shutdown initiated...
2022-07-08 17:43:47 - HikariPool-1 - Shutdown completed.
2022-07-08 17:44:15 - Starting SpringDemoApp2ApplicationTests using Java 17.0.3 on INLEN8520044974 with PID 17304 (started by atalache in C:\Users\Atalache\Documents\workspace-spring-tool-suite-4-4.15.1.RELEASE\SpringDemoApp2)
2022-07-08 17:44:15 - No active profile set, falling back to default profiles: default
2022-07-08 17:44:16 - Bootstrapping Spring Data JPA repositories in DEFAULT mode.
2022-07-08 17:44:16 - Finished Spring Data repository scanning in 75 ms. Found 8 JPA repository interfaces.
2022-07-08 17:44:17 - HHH000204: Processing PersistenceUnitInfo [name: default]
2022-07-08 17:44:17 - HHH000412: Hibernate ORM core version 5.4.32.Final
2022-07-08 17:44:17 - HCANN000001: Hibernate Commons Annotations {5.1.2.Final}
2022-07-08 17:44:17 - HikariPool-1 - Starting...
2022-07-08 17:44:18 - HikariPool-1 - Start completed.
2022-07-08 17:44:18 - HHH000400: Using dialect: org.hibernate.dialect.PostgreSQLDialect
2022-07-08 17:44:19 - HHH000490: Using JtaPlatform implementation: [org.hibernate.engine.transaction.jta.platform.internal.NoJtaPlatform]
2022-07-08 17:44:19 - Initialized JPA EntityManagerFactory for persistence unit 'default'
2022-07-08 17:44:20 - spring.jpa.open-in-view is enabled by default. Therefore, database queries may be performed during view rendering. Explicitly configure spring.jpa.open-in-view to disable this warning
2022-07-08 17:44:20 - Mapped URL path [/v2/api-docs] onto method [springfox.documentation.swagger2.web.Swagger2Controller#getDocumentation(String, HttpServletRequest)]
2022-07-08 17:44:21 - Context refreshed
2022-07-08 17:44:21 - Found 1 custom documentation plugin(s)
2022-07-08 17:44:21 - Scanning for api listing references
2022-07-08 17:44:21 - Started SpringDemoApp2ApplicationTests in 6.359 seconds (JVM running for 7.354)
2022-07-08 17:44:22 - Closing JPA EntityManagerFactory for persistence unit 'default'
2022-07-08 17:44:22 - HikariPool-1 - Shutdown initiated...
2022-07-08 17:44:22 - HikariPool-1 - Shutdown completed.
2022-07-08 17:45:36 - Starting SpringDemoApp2ApplicationTests using Java 17.0.3 on INLEN8520044974 with PID 20696 (started by atalache in C:\Users\Atalache\Documents\workspace-spring-tool-suite-4-4.15.1.RELEASE\SpringDemoApp2)
2022-07-08 17:45:36 - No active profile set, falling back to default profiles: default
2022-07-08 17:45:37 - Bootstrapping Spring Data JPA repositories in DEFAULT mode.
2022-07-08 17:45:37 - Finished Spring Data repository scanning in 83 ms. Found 8 JPA repository interfaces.
2022-07-08 17:45:38 - HHH000204: Processing PersistenceUnitInfo [name: default]
2022-07-08 17:45:38 - HHH000412: Hibernate ORM core version 5.4.32.Final
2022-07-08 17:45:38 - HCANN000001: Hibernate Commons Annotations {5.1.2.Final}
2022-07-08 17:45:38 - HikariPool-1 - Starting...
2022-07-08 17:45:39 - HikariPool-1 - Start completed.
2022-07-08 17:45:39 - HHH000400: Using dialect: org.hibernate.dialect.PostgreSQLDialect
2022-07-08 17:45:40 - HHH000490: Using JtaPlatform implementation: [org.hibernate.engine.transaction.jta.platform.internal.NoJtaPlatform]
2022-07-08 17:45:40 - Initialized JPA EntityManagerFactory for persistence unit 'default'
2022-07-08 17:45:41 - spring.jpa.open-in-view is enabled by default. Therefore, database queries may be performed during view rendering. Explicitly configure spring.jpa.open-in-view to disable this warning
2022-07-08 17:45:41 - Mapped URL path [/v2/api-docs] onto method [springfox.documentation.swagger2.web.Swagger2Controller#getDocumentation(String, HttpServletRequest)]
2022-07-08 17:45:42 - Context refreshed
2022-07-08 17:45:42 - Found 1 custom documentation plugin(s)
2022-07-08 17:45:42 - Scanning for api listing references
2022-07-08 17:45:42 - Started SpringDemoApp2ApplicationTests in 6.139 seconds (JVM running for 7.14)
2022-07-08 17:45:43 - Closing JPA EntityManagerFactory for persistence unit 'default'
2022-07-08 17:45:43 - HikariPool-1 - Shutdown initiated...
2022-07-08 17:45:43 - HikariPool-1 - Shutdown completed.
2022-07-08 19:47:52 - Starting SpringDemoApp2 using Java 17.0.3 on INLEN8520044974 with PID 3872 (C:\Users\Atalache\Documents\workspace-spring-tool-suite-4-4.15.1.RELEASE\SpringDemoApp2\target\classes started by atalache in C:\Users\Atalache\Documents\workspace-spring-tool-suite-4-4.15.1.RELEASE\SpringDemoApp2)
2022-07-08 19:47:52 - No active profile set, falling back to default profiles: default
2022-07-08 19:47:52 - Devtools property defaults active! Set 'spring.devtools.add-properties' to 'false' to disable
2022-07-08 19:47:52 - For additional web related logging consider setting the 'logging.level.web' property to 'DEBUG'
2022-07-08 19:47:52 - Bootstrapping Spring Data JPA repositories in DEFAULT mode.
2022-07-08 19:47:52 - Finished Spring Data repository scanning in 58 ms. Found 8 JPA repository interfaces.
2022-07-08 19:47:53 - Tomcat initialized with port(s): 8811 (http)
2022-07-08 19:47:53 - Starting service [Tomcat]
2022-07-08 19:47:53 - Starting Servlet engine: [Apache Tomcat/9.0.48]
2022-07-08 19:47:53 - Initializing Spring embedded WebApplicationContext
2022-07-08 19:47:53 - Root WebApplicationContext: initialization completed in 1207 ms
2022-07-08 19:47:53 - HHH000204: Processing PersistenceUnitInfo [name: default]
2022-07-08 19:47:53 - HHH000412: Hibernate ORM core version 5.4.32.Final
2022-07-08 19:47:53 - HCANN000001: Hibernate Commons Annotations {5.1.2.Final}
2022-07-08 19:47:53 - HikariPool-1 - Starting...
2022-07-08 19:47:53 - HikariPool-1 - Start completed.
2022-07-08 19:47:53 - HHH000400: Using dialect: org.hibernate.dialect.PostgreSQLDialect
2022-07-08 19:47:54 - HHH000490: Using JtaPlatform implementation: [org.hibernate.engine.transaction.jta.platform.internal.NoJtaPlatform]
2022-07-08 19:47:54 - Initialized JPA EntityManagerFactory for persistence unit 'default'
2022-07-08 19:47:55 - spring.jpa.open-in-view is enabled by default. Therefore, database queries may be performed during view rendering. Explicitly configure spring.jpa.open-in-view to disable this warning
2022-07-08 19:47:55 - Mapped URL path [/v2/api-docs] onto method [springfox.documentation.swagger2.web.Swagger2Controller#getDocumentation(String, HttpServletRequest)]
2022-07-08 19:47:55 - LiveReload server is running on port 35729
2022-07-08 19:47:55 - Tomcat started on port(s): 8811 (http) with context path ''
2022-07-08 19:47:55 - Context refreshed
2022-07-08 19:47:55 - Found 1 custom documentation plugin(s)
2022-07-08 19:47:55 - Scanning for api listing references
2022-07-08 19:47:56 - Started SpringDemoApp2 in 4.486 seconds (JVM running for 5.219)
2022-07-08 19:48:38 - Initializing Spring DispatcherServlet 'dispatcherServlet'
2022-07-08 19:48:38 - Initializing Servlet 'dispatcherServlet'
2022-07-08 19:48:38 - Completed initialization in 1 ms
2022-07-08 21:30:10 - Application shutdown requested.
2022-07-08 21:30:10 - Closing JPA EntityManagerFactory for persistence unit 'default'
2022-07-08 21:30:10 - HikariPool-1 - Shutdown initiated...
2022-07-08 21:30:10 - HikariPool-1 - Shutdown completed.
